[     20ms] [      System] subtype=init
[     20ms] [      System] subtype=status
[    822ms] [RateLimitEvent] 
[   1765ms] [   MSG_START] 
[   1765ms] [   BLK_START] idx=0 text
[   1765ms] [  text_delta] +   1ch  '#'
[   2113ms] [  text_delta] +  43ch  ' The Glowing Box\\n\\nBandit had lived in th'
[   2541ms] [  text_delta] +  68ch  ' woods for all three years of his life, '
[   2871ms] [  text_delta] +  37ch  ' strange thing in them. He knew the h'
[   3360ms] [  text_delta] +  68ch  'ollow stump where the owl family lived. '
[   3657ms] [  text_delta] +  61ch  'ver fish flashed like knives. He knew th'
[   4017ms] [  text_delta] +  62ch  'olish humans left perfectly good sandwic'
[   4399ms] [  text_delta] +  78ch  ' called "secure."\\n\\nBut he had never seen'
[   4793ms] [  text_delta] +  59ch  ' two pines, humming softly, casting a pa'
[   5300ms] [  text_delta] +  51ch  ' the forest floor. A glass front. Bright'
[   5619ms] [  text_delta] +  49ch  ' stacked in neat rows. Rumbling like a s'
[   6028ms] [  text_delta] +  80ch  'ear.\\n\\nBandit circled it three times, his'
[   6353ms] [  text_delta] +  41ch  ' the glass. Inside, he could see them: c'
[   6946ms] [  text_delta] +  34ch  'inkly bags of something orange, sh'
[   7355ms] [  text_delta] +  48ch  'iny blue rectangles, glossy red cylinder'
[   7568ms] [  text_delta] +  45ch  ' clearly. His nose knew food. His nose k'
[   7922ms] [  text_delta] +  46ch  "this* food, faintly, from the humans' ca"
[   8377ms] [  text_delta] +  51ch  ' fingers at the campground. Salt. Sugar.'
[   8688ms] [  text_delta] +  70ch  ' found in nature.\\n\\nHe pressed his paws a'
[   9096ms] [  text_delta] +  40ch  ' not move.\\n\\nHe chittered at it. Nothing.'
[   9488ms] [  text_delta] +  47ch  '\\n\\nHe climbed on top and peered down. Fro'
[   9829ms] [  text_delta] +  54ch  ' he could see a slot, and below the slot'
[  10209ms] [  text_delta] +  58ch  'awer. He scrambled back down and studied'
[  10638ms] [  text_delta] +  46ch  'ened when he pushed. It was empty.\\n\\nBand'
[  11004ms] [  text_delta] +  67ch  ' nothing if not persistent. For three ni'
[  11451ms] [  text_delta] +  34ch  'owing box. He tried reasoning with'
[  11731ms] [  text_delta] +  63ch  ' it (chittering). He tried intimidation '
[  12166ms] [  text_delta] +  71ch  'ceny (prying). On the fourth night, he n'
[  12494ms] [  text_delta] +  53ch  ' a small rectangle near the top, and a r'
[  12913ms] [  text_delta] +  48ch  "ttons shaped like the keys on a human's "
[  13256ms] [  text_delta] +  54ch  'box.\\n\\nThat night, a storm came. Bandit h'
[  13673ms] [  text_delta] +  55ch  ' fern and watched lightning crack the sk'
[  14017ms] [  text_delta] +  64ch  ' a flash of white, he saw a human approa'
[  14522ms] [  text_delta] +  48ch  'k, swaying, fumbling. The human pressed '
[  14781ms] [  text_delta] +  87ch  'ces of paper into the slot. Pressed the '
[  15238ms] [  text_delta] +  43ch  ' of the rectangles inside *moved*. It sp'
[  15581ms] [  text_delta] +  63ch  'led slowly forward and tumbled into the '
[  15956ms] [  text_delta] +  54ch  ' it and staggered off into the rain.\\n\\nBa'
[  16304ms] [  text_delta] +  67ch  'leep. He had witnessed a ritual. The glo'
[  16685ms] [  text_delta] +  51ch  ' it was a *trade*.\\n\\nWhat he needed were '
[  17066ms] [  text_delta] +  55ch  'ieces.\\n\\nThe next morning, the campground'
[  17491ms] [  text_delta] +  41ch  'allet, forgotten on a picnic table, unat'
[  17911ms] [  text_delta] +  61ch  'ended for precisely long enough. Bandit '
[  18310ms] [  text_delta] +  34ch  ' rectangle in his teeth and ran, z'
[  18589ms] [  text_delta] +  55ch  'igzagging through the ferns like he was '
[  18973ms] [  text_delta] +  58ch  'on itself.\\n\\nAt the glowing box, he stood'
[  19352ms] [  text_delta] +  53ch  ' He pushed the paper against the slot. I'
[  19732ms] [  text_delta] +  31ch  ' tried again, smoothing it with'
[  20256ms] [  text_delta] +  48ch  ' his clever paws. The box considered. Th'
[  20542ms] [  text_delta] +  24ch  'hhhk* — it accepted.\\n\\nBu'
[  21076ms] [  text_delta] +  55ch  'ttons. He pressed them at random.\\n\\nA spi'
[  21485ms] [  text_delta] +  60ch  'ag tumbled.\\n\\nBandit stared at it through'
[  21792ms] [  text_delta] +  63ch  'art thundering, he reached into the draw'
[  22114ms] [  text_delta] +  51ch  'ize: bright orange, warm, rustling, heav'
[  22495ms] [  text_delta] +  59ch  'ise.\\n\\nHe carried it home like a king.\\n\\nT'
[  22714ms] [  text_delta] +  32ch  ' god, and Bandit was its priest.'
[  22715ms] [   Assistant] [text(2939)]
[  22715ms] [    BLK_STOP] idx=0
[  22744ms] [   MSG_DELTA] stop=end_turn usage={"input_tokens": 6, "cache_creation_input_tokens": 0, "cache_read_input_tokens":
[  22744ms] [    MSG_STOP] 
[  22747ms] [      Result] cost=$0.0403 duration=22743ms turns=1
